<?xml version="1.0" encoding="UTF-8"?>
<testng-results skipped="1" failed="0" total="1" passed="0">
  <reporter-output>
  </reporter-output>
  <suite name="Default suite" duration-ms="28" started-at="2015-10-25T07:00:10Z" finished-at="2015-10-25T07:00:10Z">
    <groups>
    </groups>
    <test name="Default test" duration-ms="28" started-at="2015-10-25T07:00:10Z" finished-at="2015-10-25T07:00:10Z">
      <class name="com.boc.binfenshenghuoTest.HomeTest">
        <test-method status="FAIL" signature="InitDriver()[pri:0, instance:com.boc.binfenshenghuoTest.HomeTest@17d0685f]" name="InitDriver" is-config="true" duration-ms="0" started-at="2015-10-25T15:00:10Z" finished-at="2015-10-25T15:00:10Z">
          <exception class="java.lang.NoClassDefFoundError">
            <message>
              <![CDATA[com/google/common/base/Function]]>
            </message>
            <full-stacktrace>
              <![CDATA[java.lang.NoClassDefFoundError: com/google/common/base/Function
	at com.boc.android.InitAndroidDriver.createDriver(InitAndroidDriver.java:45)
	at com.boc.android.InitAndroidDriver.getDriver(InitAndroidDriver.java:57)
	at com.boc.binfenshenghuoTest.HomeTest.InitDriver(HomeTest.java:28)
	at sun.reflect.NativeMethodAccessorImpl.invoke0(Native Method)
	at sun.reflect.NativeMethodAccessorImpl.invoke(Unknown Source)
	at sun.reflect.DelegatingMethodAccessorImpl.invoke(Unknown Source)
	at java.lang.reflect.Method.invoke(Unknown Source)
	at org.testng.internal.MethodInvocationHelper.invokeMethod(MethodInvocationHelper.java:85)
	at org.testng.internal.Invoker.invokeConfigurationMethod(Invoker.java:552)
	at org.testng.internal.Invoker.invokeConfigurations(Invoker.java:215)
	at org.testng.internal.Invoker.invokeConfigurations(Invoker.java:140)
	at org.testng.internal.TestMethodWorker.invokeBeforeClassMethods(TestMethodWorker.java:170)
	at org.testng.internal.TestMethodWorker.run(TestMethodWorker.java:104)
	at org.testng.TestRunner.privateRun(TestRunner.java:767)
	at org.testng.TestRunner.run(TestRunner.java:617)
	at org.testng.SuiteRunner.runTest(SuiteRunner.java:348)
	at org.testng.SuiteRunner.runSequentially(SuiteRunner.java:343)
	at org.testng.SuiteRunner.privateRun(SuiteRunner.java:305)
	at org.testng.SuiteRunner.run(SuiteRunner.java:254)
	at org.testng.SuiteRunnerWorker.runSuite(SuiteRunnerWorker.java:52)
	at org.testng.SuiteRunnerWorker.run(SuiteRunnerWorker.java:86)
	at org.testng.TestNG.runSuitesSequentially(TestNG.java:1224)
	at org.testng.TestNG.runSuitesLocally(TestNG.java:1149)
	at org.testng.TestNG.run(TestNG.java:1057)
	at org.testng.remote.RemoteTestNG.run(RemoteTestNG.java:111)
	at org.testng.remote.RemoteTestNG.initAndRun(RemoteTestNG.java:204)
	at org.testng.remote.RemoteTestNG.main(RemoteTestNG.java:175)
Caused by: java.lang.ClassNotFoundException: com.google.common.base.Function
	at java.net.URLClassLoader.findClass(Unknown Source)
	at java.lang.ClassLoader.loadClass(Unknown Source)
	at sun.misc.Launcher$AppClassLoader.loadClass(Unknown Source)
	at java.lang.ClassLoader.loadClass(Unknown Source)
	... 27 more
]]>
            </full-stacktrace>
          </exception> <!-- java.lang.NoClassDefFoundError -->
          <reporter-output>
          </reporter-output>
        </test-method> <!-- InitDriver -->
        <test-method status="SKIP" signature="jinrongfuwu()[pri:0, instance:com.boc.binfenshenghuoTest.HomeTest@17d0685f]" name="jinrongfuwu" duration-ms="1" started-at="2015-10-25T15:00:10Z" finished-at="2015-10-25T15:00:10Z">
          <reporter-output>
          </reporter-output>
        </test-method> <!-- jinrongfuwu -->
        <test-method status="SKIP" signature="quitApp()[pri:0, instance:com.boc.binfenshenghuoTest.HomeTest@17d0685f]" name="quitApp" is-config="true" duration-ms="0" started-at="2015-10-25T15:00:10Z" finished-at="2015-10-25T15:00:10Z">
          <reporter-output>
          </reporter-output>
        </test-method> <!-- quitApp -->
      </class> <!-- com.boc.binfenshenghuoTest.HomeTest -->
    </test> <!-- Default test -->
  </suite> <!-- Default suite -->
</testng-results>
